<?xml version="1.0" encoding="UTF-8"?>
<!-- Generated by org.testng.reporters.JUnitReportReporter -->
<testsuite hostname="LAPTOP-IQ06DEC2" failures="0" tests="4" name="com.testng.BlazeDemo" time="28.373" errors="0" timestamp="2023-01-05T23:24:06 IST" skipped="0">
  <testcase classname="com.testng.BlazeDemo" name="pageOne" time="10.327"/>
  <system-out/>
  <testcase classname="com.testng.BlazeDemo" name="pageTwo" time="2.507"/>
  <system-out/>
  <testcase classname="com.testng.BlazeDemo" name="pageThree" time="15.502"/>
  <system-out/>
  <testcase classname="com.testng.BlazeDemo" name="pageFour" time="0.037"/>
  <system-out/>
</testsuite> <!-- com.testng.BlazeDemo -->
